<?xml version="1.0" encoding="UTF-8"?>
<testng-results ignored="0" total="2" passed="2" failed="0" skipped="0">
  <reporter-output>
  </reporter-output>
  <suite started-at="2025-03-04T01:09:28 PST" name="Default suite" finished-at="2025-03-04T01:09:33 PST" duration-ms="4665">
    <groups>
    </groups>
    <test started-at="2025-03-04T01:09:28 PST" name="Default test" finished-at="2025-03-04T01:09:33 PST" duration-ms="4665">
      <class name="TestCase">
        <test-method is-config="true" signature="SetUp()[pri:0, instance:TestCase@39fcbef6]" started-at="2025-03-04T01:09:28 PST" name="SetUp" finished-at="2025-03-04T01:09:29 PST" duration-ms="1471" status="PASS">
          <reporter-output>
          </reporter-output>
        </test-method> <!-- SetUp -->
        <test-method signature="LogIn()[pri:1, instance:TestCase@39fcbef6]" started-at="2025-03-04T01:09:29 PST" name="LogIn" finished-at="2025-03-04T01:09:32 PST" duration-ms="2600" status="PASS">
          <reporter-output>
          </reporter-output>
        </test-method> <!-- LogIn -->
        <test-method signature="AddToCart()[pri:2, instance:TestCase@39fcbef6]" started-at="2025-03-04T01:09:32 PST" name="AddToCart" finished-at="2025-03-04T01:09:33 PST" duration-ms="513" status="PASS">
          <reporter-output>
          </reporter-output>
        </test-method> <!-- AddToCart -->
      </class> <!-- TestCase -->
    </test> <!-- Default test -->
  </suite> <!-- Default suite -->
</testng-results>
